Build started 23-4-2015 9:46:19.
     1>Project "D:\Documents\Technische_Universiteit_eindhoven\MasterProgram\Simulation_in_computer_graphics\TinkerToy\ConsoleApplication1\ConsoleApplication1\ConsoleApplication1.vcxproj" on node 2 (Rebuild target(s)).
     1>ClCompile:
         C:\Program Files (x86)\Microsoft Visual Studio 12.0\VC\bin\CL.exe /c /Iinclude/ /Zi /nologo /W3 /WX- /sdl /Od /Oi /Oy- /GL /D WIN32 /D NDEBUG /D _CONSOLE /D _UNICODE /D UNICODE /Gm- /EHsc /MD /GS /Gy /fp:precise /Zc:wchar_t /Zc:forScope /Fo"Release\\" /Fd"Release\vc120.pdb" /Gd /TP /analyze- /errorReport:prompt CircularWireConstraint.cpp imageio.cpp linearSolver.cpp Particle.cpp RodConstraint.cpp Solver.cpp SpringForce.cpp TinkerToy.cpp
         CircularWireConstraint.cpp
     1>D:\Documents\Technische_Universiteit_eindhoven\MasterProgram\Simulation_in_computer_graphics\TinkerToy\ConsoleApplication1\ConsoleApplication1\include\gfx/vec2.h(96): warning C4005: '_MSC_VER' : macro redefinition
                 command-line arguments :  see previous definition of '_MSC_VER'
         imageio.cpp
         linearSolver.cpp
         Particle.cpp
     1>D:\Documents\Technische_Universiteit_eindhoven\MasterProgram\Simulation_in_computer_graphics\TinkerToy\ConsoleApplication1\ConsoleApplication1\include\gfx/vec2.h(96): warning C4005: '_MSC_VER' : macro redefinition
                 command-line arguments :  see previous definition of '_MSC_VER'
         RodConstraint.cpp
     1>D:\Documents\Technische_Universiteit_eindhoven\MasterProgram\Simulation_in_computer_graphics\TinkerToy\ConsoleApplication1\ConsoleApplication1\include\gfx/vec2.h(96): warning C4005: '_MSC_VER' : macro redefinition
                 command-line arguments :  see previous definition of '_MSC_VER'
         Solver.cpp
     1>D:\Documents\Technische_Universiteit_eindhoven\MasterProgram\Simulation_in_computer_graphics\TinkerToy\ConsoleApplication1\ConsoleApplication1\include\gfx/vec2.h(96): warning C4005: '_MSC_VER' : macro redefinition
                 command-line arguments :  see previous definition of '_MSC_VER'
     1>D:\Documents\Technische_Universiteit_eindhoven\MasterProgram\Simulation_in_computer_graphics\TinkerToy\ConsoleApplication1\ConsoleApplication1\include\gfx/vec2.h(115): warning C4244: 'argument' : conversion from 'double' to 'float', possible loss of data
                 D:\Documents\Technische_Universiteit_eindhoven\MasterProgram\Simulation_in_computer_graphics\TinkerToy\ConsoleApplication1\ConsoleApplication1\include\gfx/vec2.h(117) : see reference to function template instantiation 'gfx::TVec2<float> gfx::operator *<float,N>(N,const gfx::TVec2<float> &)' being compiled
                 with
                 [
                     N=double
                 ]
                 Solver.cpp(13) : see reference to function template instantiation 'gfx::TVec2<float> gfx::operator *<float,double>(const gfx::TVec2<float> &,N)' being compiled
                 with
                 [
                     N=double
                 ]
         SpringForce.cpp
     1>D:\Documents\Technische_Universiteit_eindhoven\MasterProgram\Simulation_in_computer_graphics\TinkerToy\ConsoleApplication1\ConsoleApplication1\include\gfx/vec2.h(96): warning C4005: '_MSC_VER' : macro redefinition
                 command-line arguments :  see previous definition of '_MSC_VER'
         TinkerToy.cpp
     1>D:\Documents\Technische_Universiteit_eindhoven\MasterProgram\Simulation_in_computer_graphics\TinkerToy\ConsoleApplication1\ConsoleApplication1\include\gfx/vec2.h(96): warning C4005: '_MSC_VER' : macro redefinition
                 command-line arguments :  see previous definition of '_MSC_VER'
       Link:
         C:\Program Files (x86)\Microsoft Visual Studio 12.0\VC\bin\link.exe /ERRORREPORT:PROMPT /OUT:"D:\Documents\Technische_Universiteit_eindhoven\MasterProgram\Simulation_in_computer_graphics\TinkerToy\ConsoleApplication1\Release\ConsoleApplication1.exe" /INCREMENTAL:NO /NOLOGO /LIBPATH:lib/ glut32.lib libpng16.lib zlib.lib kernel32.lib user32.lib gdi32.lib winspool.lib comdlg32.lib advapi32.lib shell32.lib ole32.lib oleaut32.lib uuid.lib odbc32.lib odbccp32.lib /MANIFEST /MANIFESTUAC:"level='asInvoker' uiAccess='false'" /manifest:embed /DEBUG /PDB:"D:\Documents\Technische_Universiteit_eindhoven\MasterProgram\Simulation_in_computer_graphics\TinkerToy\ConsoleApplication1\Release\ConsoleApplication1.pdb" /SUBSYSTEM:CONSOLE /OPT:REF /OPT:ICF /LTCG /TLBID:1 /DYNAMICBASE /NXCOMPAT /IMPLIB:"D:\Documents\Technische_Universiteit_eindhoven\MasterProgram\Simulation_in_computer_graphics\TinkerToy\ConsoleApplication1\Release\ConsoleApplication1.lib" /MACHINE:X86 /SAFESEH Release\CircularWireConstraint.obj
         Release\imageio.obj
         Release\linearSolver.obj
         Release\Particle.obj
         Release\RodConstraint.obj
         Release\Solver.obj
         Release\SpringForce.obj
         Release\TinkerToy.obj
         Generating code
         Finished generating code
         ConsoleApplication1.vcxproj -> D:\Documents\Technische_Universiteit_eindhoven\MasterProgram\Simulation_in_computer_graphics\TinkerToy\ConsoleApplication1\Release\ConsoleApplication1.exe
     1>Done Building Project "D:\Documents\Technische_Universiteit_eindhoven\MasterProgram\Simulation_in_computer_graphics\TinkerToy\ConsoleApplication1\ConsoleApplication1\ConsoleApplication1.vcxproj" (Rebuild target(s)).

Build succeeded.

Time Elapsed 00:00:03.15
