c:\users\luuk\documents\consoleapplication1\consoleapplication1\release\tinkertoy.obj
c:\users\luuk\documents\consoleapplication1\consoleapplication1\release\springforce.obj
c:\users\luuk\documents\consoleapplication1\consoleapplication1\release\solver.obj
c:\users\luuk\documents\consoleapplication1\consoleapplication1\release\rodconstraint.obj
c:\users\luuk\documents\consoleapplication1\consoleapplication1\release\particle.obj
c:\users\luuk\documents\consoleapplication1\consoleapplication1\release\linearsolver.obj
c:\users\luuk\documents\consoleapplication1\consoleapplication1\release\imageio.obj
c:\users\luuk\documents\consoleapplication1\consoleapplication1\release\circularwireconstraint.obj
c:\users\luuk\documents\consoleapplication1\consoleapplication1\release\vc110.pdb
c:\users\luuk\documents\consoleapplication1\release\consoleapplication1.exe
c:\users\luuk\documents\consoleapplication1\release\consoleapplication1.pdb
d:\documents\technische_universiteit_eindhoven\masterprogram\simulation_in_computer_graphics\tinkertoy\consoleapplication1\consoleapplication1\release\vc120.pdb
d:\documents\technische_universiteit_eindhoven\masterprogram\simulation_in_computer_graphics\tinkertoy\consoleapplication1\consoleapplication1\release\tinkertoy.obj
d:\documents\technische_universiteit_eindhoven\masterprogram\simulation_in_computer_graphics\tinkertoy\consoleapplication1\consoleapplication1\release\springforce.obj
d:\documents\technische_universiteit_eindhoven\masterprogram\simulation_in_computer_graphics\tinkertoy\consoleapplication1\consoleapplication1\release\solver.obj
d:\documents\technische_universiteit_eindhoven\masterprogram\simulation_in_computer_graphics\tinkertoy\consoleapplication1\consoleapplication1\release\rodconstraint.obj
d:\documents\technische_universiteit_eindhoven\masterprogram\simulation_in_computer_graphics\tinkertoy\consoleapplication1\consoleapplication1\release\particle.obj
d:\documents\technische_universiteit_eindhoven\masterprogram\simulation_in_computer_graphics\tinkertoy\consoleapplication1\consoleapplication1\release\linearsolver.obj
d:\documents\technische_universiteit_eindhoven\masterprogram\simulation_in_computer_graphics\tinkertoy\consoleapplication1\consoleapplication1\release\imageio.obj
d:\documents\technische_universiteit_eindhoven\masterprogram\simulation_in_computer_graphics\tinkertoy\consoleapplication1\consoleapplication1\release\circularwireconstraint.obj
d:\documents\technische_universiteit_eindhoven\masterprogram\simulation_in_computer_graphics\tinkertoy\consoleapplication1\release\consoleapplication1.exe
d:\documents\technische_universiteit_eindhoven\masterprogram\simulation_in_computer_graphics\tinkertoy\consoleapplication1\release\consoleapplication1.pdb
d:\documents\technische_universiteit_eindhoven\masterprogram\simulation_in_computer_graphics\tinkertoy\consoleapplication1\consoleapplication1\release\cl.command.1.tlog
d:\documents\technische_universiteit_eindhoven\masterprogram\simulation_in_computer_graphics\tinkertoy\consoleapplication1\consoleapplication1\release\cl.read.1.tlog
d:\documents\technische_universiteit_eindhoven\masterprogram\simulation_in_computer_graphics\tinkertoy\consoleapplication1\consoleapplication1\release\cl.write.1.tlog
d:\documents\technische_universiteit_eindhoven\masterprogram\simulation_in_computer_graphics\tinkertoy\consoleapplication1\consoleapplication1\release\link-cvtres.read.1.tlog
d:\documents\technische_universiteit_eindhoven\masterprogram\simulation_in_computer_graphics\tinkertoy\consoleapplication1\consoleapplication1\release\link-cvtres.write.1.tlog
d:\documents\technische_universiteit_eindhoven\masterprogram\simulation_in_computer_graphics\tinkertoy\consoleapplication1\consoleapplication1\release\link-rc.read.1.tlog
d:\documents\technische_universiteit_eindhoven\masterprogram\simulation_in_computer_graphics\tinkertoy\consoleapplication1\consoleapplication1\release\link-rc.write.1.tlog
d:\documents\technische_universiteit_eindhoven\masterprogram\simulation_in_computer_graphics\tinkertoy\consoleapplication1\consoleapplication1\release\link.command.1.tlog
d:\documents\technische_universiteit_eindhoven\masterprogram\simulation_in_computer_graphics\tinkertoy\consoleapplication1\consoleapplication1\release\link.read.1.tlog
d:\documents\technische_universiteit_eindhoven\masterprogram\simulation_in_computer_graphics\tinkertoy\consoleapplication1\consoleapplication1\release\link.write.1.tlog
d:\documents\technische_universiteit_eindhoven\masterprogram\simulation_in_computer_graphics\tinkertoy\consoleapplication1\consoleapplication1\release\vc110.pdb
d:\documents\technische_universiteit_eindhoven\masterprogram\simulation_in_computer_graphics\tinkertoy\consoleapplication1\consoleapplication1\release\consolea.b6ac0bf0.tlog\cl.command.1.tlog
d:\documents\technische_universiteit_eindhoven\masterprogram\simulation_in_computer_graphics\tinkertoy\consoleapplication1\consoleapplication1\release\consolea.b6ac0bf0.tlog\cl.read.1.tlog
d:\documents\technische_universiteit_eindhoven\masterprogram\simulation_in_computer_graphics\tinkertoy\consoleapplication1\consoleapplication1\release\consolea.b6ac0bf0.tlog\cl.write.1.tlog
d:\documents\technische_universiteit_eindhoven\masterprogram\simulation_in_computer_graphics\tinkertoy\consoleapplication1\consoleapplication1\release\consolea.b6ac0bf0.tlog\link.command.1.tlog
d:\documents\technische_universiteit_eindhoven\masterprogram\simulation_in_computer_graphics\tinkertoy\consoleapplication1\consoleapplication1\release\consolea.b6ac0bf0.tlog\link.read.1.tlog
d:\documents\technische_universiteit_eindhoven\masterprogram\simulation_in_computer_graphics\tinkertoy\consoleapplication1\consoleapplication1\release\consolea.b6ac0bf0.tlog\link.write.1.tlog
