d:\documents\github\2iv15-assignment1\consoleapplication1\debug\vc120.pdb
d:\documents\github\2iv15-assignment1\consoleapplication1\debug\vc120.idb
d:\documents\github\2iv15-assignment1\consoleapplication1\debug\circularwireconstraint.obj
d:\documents\github\2iv15-assignment1\consoleapplication1\debug\gravity.obj
d:\documents\github\2iv15-assignment1\consoleapplication1\debug\imageio.obj
d:\documents\github\2iv15-assignment1\consoleapplication1\debug\linearsolver.obj
d:\documents\github\2iv15-assignment1\consoleapplication1\debug\particle.obj
d:\documents\github\2iv15-assignment1\consoleapplication1\debug\rodconstraint.obj
d:\documents\github\2iv15-assignment1\consoleapplication1\debug\solver.obj
d:\documents\github\2iv15-assignment1\consoleapplication1\debug\springforce.obj
d:\documents\github\2iv15-assignment1\consoleapplication1\debug\tinkertoy.obj
d:\documents\github\2iv15-assignment1\consoleapplication1\debug\mouseforce.obj
d:\documents\github\2iv15-assignment1\debug\consoleapplication1.ilk
d:\documents\github\2iv15-assignment1\debug\consoleapplication1.exe
d:\documents\github\2iv15-assignment1\debug\consoleapplication1.pdb
d:\documents\github\2iv15-assignment1\consoleapplication1\debug\consolea.b6ac0bf0.tlog\cl.command.1.tlog
d:\documents\github\2iv15-assignment1\consoleapplication1\debug\consolea.b6ac0bf0.tlog\cl.read.1.tlog
d:\documents\github\2iv15-assignment1\consoleapplication1\debug\consolea.b6ac0bf0.tlog\cl.write.1.tlog
d:\documents\github\2iv15-assignment1\consoleapplication1\debug\consolea.b6ac0bf0.tlog\link.command.1.tlog
d:\documents\github\2iv15-assignment1\consoleapplication1\debug\consolea.b6ac0bf0.tlog\link.read.1.tlog
d:\documents\github\2iv15-assignment1\consoleapplication1\debug\consolea.b6ac0bf0.tlog\link.write.1.tlog
