Build started 16-5-2015 22:59:19.
     1>Project "D:\Documents\GitHub\2iv15-assignment1\ConsoleApplication1\ConsoleApplication1.vcxproj" on node 2 (Build target(s)).
     1>ClCompile:
         C:\Program Files (x86)\Microsoft Visual Studio 12.0\VC\bin\CL.exe /c /Iinclude/ /ZI /nologo /W3 /WX- /sdl /Od /Oy- /D WIN32 /D _DEBUG /D _CONSOLE /D _UNICODE /D UNICODE /Gm /EHsc /RTC1 /MDd /GS /fp:precise /Zc:wchar_t /Zc:forScope /Fo"Debug\\" /Fd"Debug\vc120.pdb" /Gd /TP /analyze- /errorReport:prompt Solver.cpp
         Solver.cpp
     1>d:\documents\github\2iv15-assignment1\consoleapplication1\include\gfx\vec2.h(96): warning C4005: '_MSC_VER' : macro redefinition
                 command-line arguments :  see previous definition of '_MSC_VER'
     1>d:\documents\github\2iv15-assignment1\consoleapplication1\solver.cpp(20): warning C4018: '<' : signed/unsigned mismatch
     1>d:\documents\github\2iv15-assignment1\consoleapplication1\solver.cpp(28): warning C4258: 'i' : definition from the for loop is ignored; the definition from the enclosing scope is used
                 d:\documents\github\2iv15-assignment1\consoleapplication1\solver.cpp(20) : definition of 'i' ignored
                 d:\documents\github\2iv15-assignment1\consoleapplication1\solver.cpp(16) : definition of 'i' used
     1>d:\documents\github\2iv15-assignment1\consoleapplication1\solver.cpp(30): warning C4258: 'i' : definition from the for loop is ignored; the definition from the enclosing scope is used
                 d:\documents\github\2iv15-assignment1\consoleapplication1\solver.cpp(20) : definition of 'i' ignored
                 d:\documents\github\2iv15-assignment1\consoleapplication1\solver.cpp(16) : definition of 'i' used
     1>d:\documents\github\2iv15-assignment1\consoleapplication1\solver.cpp(31): warning C4258: 'i' : definition from the for loop is ignored; the definition from the enclosing scope is used
                 d:\documents\github\2iv15-assignment1\consoleapplication1\solver.cpp(20) : definition of 'i' ignored
                 d:\documents\github\2iv15-assignment1\consoleapplication1\solver.cpp(16) : definition of 'i' used
     1>d:\documents\github\2iv15-assignment1\consoleapplication1\solver.cpp(45): warning C4018: '<' : signed/unsigned mismatch
     1>d:\documents\github\2iv15-assignment1\consoleapplication1\solver.cpp(49): warning C4258: 'i' : definition from the for loop is ignored; the definition from the enclosing scope is used
                 d:\documents\github\2iv15-assignment1\consoleapplication1\solver.cpp(45) : definition of 'i' ignored
                 d:\documents\github\2iv15-assignment1\consoleapplication1\solver.cpp(16) : definition of 'i' used
     1>d:\documents\github\2iv15-assignment1\consoleapplication1\solver.cpp(51): warning C4258: 'i' : definition from the for loop is ignored; the definition from the enclosing scope is used
                 d:\documents\github\2iv15-assignment1\consoleapplication1\solver.cpp(45) : definition of 'i' ignored
                 d:\documents\github\2iv15-assignment1\consoleapplication1\solver.cpp(16) : definition of 'i' used
     1>d:\documents\github\2iv15-assignment1\consoleapplication1\solver.cpp(52): warning C4258: 'i' : definition from the for loop is ignored; the definition from the enclosing scope is used
                 d:\documents\github\2iv15-assignment1\consoleapplication1\solver.cpp(45) : definition of 'i' ignored
                 d:\documents\github\2iv15-assignment1\consoleapplication1\solver.cpp(16) : definition of 'i' used
     1>d:\documents\github\2iv15-assignment1\consoleapplication1\solver.cpp(55): warning C4018: '<' : signed/unsigned mismatch
     1>d:\documents\github\2iv15-assignment1\consoleapplication1\solver.cpp(59): warning C4258: 'i' : definition from the for loop is ignored; the definition from the enclosing scope is used
                 d:\documents\github\2iv15-assignment1\consoleapplication1\solver.cpp(55) : definition of 'i' ignored
                 d:\documents\github\2iv15-assignment1\consoleapplication1\solver.cpp(16) : definition of 'i' used
     1>d:\documents\github\2iv15-assignment1\consoleapplication1\solver.cpp(61): warning C4258: 'i' : definition from the for loop is ignored; the definition from the enclosing scope is used
                 d:\documents\github\2iv15-assignment1\consoleapplication1\solver.cpp(55) : definition of 'i' ignored
                 d:\documents\github\2iv15-assignment1\consoleapplication1\solver.cpp(16) : definition of 'i' used
     1>d:\documents\github\2iv15-assignment1\consoleapplication1\solver.cpp(62): warning C4258: 'i' : definition from the for loop is ignored; the definition from the enclosing scope is used
                 d:\documents\github\2iv15-assignment1\consoleapplication1\solver.cpp(55) : definition of 'i' ignored
                 d:\documents\github\2iv15-assignment1\consoleapplication1\solver.cpp(16) : definition of 'i' used
     1>d:\documents\github\2iv15-assignment1\consoleapplication1\solver.cpp(83): warning C4018: '<' : signed/unsigned mismatch
     1>d:\documents\github\2iv15-assignment1\consoleapplication1\solver.cpp(87): warning C4258: 'i' : definition from the for loop is ignored; the definition from the enclosing scope is used
                 d:\documents\github\2iv15-assignment1\consoleapplication1\solver.cpp(83) : definition of 'i' ignored
                 d:\documents\github\2iv15-assignment1\consoleapplication1\solver.cpp(16) : definition of 'i' used
     1>d:\documents\github\2iv15-assignment1\consoleapplication1\solver.cpp(89): warning C4258: 'i' : definition from the for loop is ignored; the definition from the enclosing scope is used
                 d:\documents\github\2iv15-assignment1\consoleapplication1\solver.cpp(83) : definition of 'i' ignored
                 d:\documents\github\2iv15-assignment1\consoleapplication1\solver.cpp(16) : definition of 'i' used
     1>d:\documents\github\2iv15-assignment1\consoleapplication1\solver.cpp(90): warning C4258: 'i' : definition from the for loop is ignored; the definition from the enclosing scope is used
                 d:\documents\github\2iv15-assignment1\consoleapplication1\solver.cpp(83) : definition of 'i' ignored
                 d:\documents\github\2iv15-assignment1\consoleapplication1\solver.cpp(16) : definition of 'i' used
     1>d:\documents\github\2iv15-assignment1\consoleapplication1\solver.cpp(91): warning C4258: 'i' : definition from the for loop is ignored; the definition from the enclosing scope is used
                 d:\documents\github\2iv15-assignment1\consoleapplication1\solver.cpp(83) : definition of 'i' ignored
                 d:\documents\github\2iv15-assignment1\consoleapplication1\solver.cpp(16) : definition of 'i' used
     1>d:\documents\github\2iv15-assignment1\consoleapplication1\solver.cpp(94): warning C4018: '<' : signed/unsigned mismatch
     1>d:\documents\github\2iv15-assignment1\consoleapplication1\solver.cpp(98): warning C4258: 'i' : definition from the for loop is ignored; the definition from the enclosing scope is used
                 d:\documents\github\2iv15-assignment1\consoleapplication1\solver.cpp(94) : definition of 'i' ignored
                 d:\documents\github\2iv15-assignment1\consoleapplication1\solver.cpp(16) : definition of 'i' used
     1>d:\documents\github\2iv15-assignment1\consoleapplication1\solver.cpp(100): warning C4258: 'i' : definition from the for loop is ignored; the definition from the enclosing scope is used
                 d:\documents\github\2iv15-assignment1\consoleapplication1\solver.cpp(94) : definition of 'i' ignored
                 d:\documents\github\2iv15-assignment1\consoleapplication1\solver.cpp(16) : definition of 'i' used
     1>d:\documents\github\2iv15-assignment1\consoleapplication1\solver.cpp(101): warning C4258: 'i' : definition from the for loop is ignored; the definition from the enclosing scope is used
                 d:\documents\github\2iv15-assignment1\consoleapplication1\solver.cpp(94) : definition of 'i' ignored
                 d:\documents\github\2iv15-assignment1\consoleapplication1\solver.cpp(16) : definition of 'i' used
     1>d:\documents\github\2iv15-assignment1\consoleapplication1\solver.cpp(102): warning C4258: 'i' : definition from the for loop is ignored; the definition from the enclosing scope is used
                 d:\documents\github\2iv15-assignment1\consoleapplication1\solver.cpp(94) : definition of 'i' ignored
                 d:\documents\github\2iv15-assignment1\consoleapplication1\solver.cpp(16) : definition of 'i' used
     1>d:\documents\github\2iv15-assignment1\consoleapplication1\solver.cpp(105): warning C4018: '<' : signed/unsigned mismatch
     1>d:\documents\github\2iv15-assignment1\consoleapplication1\solver.cpp(109): warning C4258: 'i' : definition from the for loop is ignored; the definition from the enclosing scope is used
                 d:\documents\github\2iv15-assignment1\consoleapplication1\solver.cpp(105) : definition of 'i' ignored
                 d:\documents\github\2iv15-assignment1\consoleapplication1\solver.cpp(16) : definition of 'i' used
     1>d:\documents\github\2iv15-assignment1\consoleapplication1\solver.cpp(111): warning C4258: 'i' : definition from the for loop is ignored; the definition from the enclosing scope is used
                 d:\documents\github\2iv15-assignment1\consoleapplication1\solver.cpp(105) : definition of 'i' ignored
                 d:\documents\github\2iv15-assignment1\consoleapplication1\solver.cpp(16) : definition of 'i' used
     1>d:\documents\github\2iv15-assignment1\consoleapplication1\solver.cpp(112): warning C4258: 'i' : definition from the for loop is ignored; the definition from the enclosing scope is used
                 d:\documents\github\2iv15-assignment1\consoleapplication1\solver.cpp(105) : definition of 'i' ignored
                 d:\documents\github\2iv15-assignment1\consoleapplication1\solver.cpp(16) : definition of 'i' used
     1>d:\documents\github\2iv15-assignment1\consoleapplication1\solver.cpp(113): warning C4258: 'i' : definition from the for loop is ignored; the definition from the enclosing scope is used
                 d:\documents\github\2iv15-assignment1\consoleapplication1\solver.cpp(105) : definition of 'i' ignored
                 d:\documents\github\2iv15-assignment1\consoleapplication1\solver.cpp(16) : definition of 'i' used
     1>d:\documents\github\2iv15-assignment1\consoleapplication1\solver.cpp(116): warning C4018: '<' : signed/unsigned mismatch
     1>d:\documents\github\2iv15-assignment1\consoleapplication1\solver.cpp(120): warning C4258: 'i' : definition from the for loop is ignored; the definition from the enclosing scope is used
                 d:\documents\github\2iv15-assignment1\consoleapplication1\solver.cpp(116) : definition of 'i' ignored
                 d:\documents\github\2iv15-assignment1\consoleapplication1\solver.cpp(16) : definition of 'i' used
     1>d:\documents\github\2iv15-assignment1\consoleapplication1\solver.cpp(122): warning C4258: 'i' : definition from the for loop is ignored; the definition from the enclosing scope is used
                 d:\documents\github\2iv15-assignment1\consoleapplication1\solver.cpp(116) : definition of 'i' ignored
                 d:\documents\github\2iv15-assignment1\consoleapplication1\solver.cpp(16) : definition of 'i' used
     1>d:\documents\github\2iv15-assignment1\consoleapplication1\solver.cpp(123): warning C4258: 'i' : definition from the for loop is ignored; the definition from the enclosing scope is used
                 d:\documents\github\2iv15-assignment1\consoleapplication1\solver.cpp(116) : definition of 'i' ignored
                 d:\documents\github\2iv15-assignment1\consoleapplication1\solver.cpp(16) : definition of 'i' used
     1>d:\documents\github\2iv15-assignment1\consoleapplication1\solver.cpp(124): warning C4258: 'i' : definition from the for loop is ignored; the definition from the enclosing scope is used
                 d:\documents\github\2iv15-assignment1\consoleapplication1\solver.cpp(116) : definition of 'i' ignored
                 d:\documents\github\2iv15-assignment1\consoleapplication1\solver.cpp(16) : definition of 'i' used
     1>d:\documents\github\2iv15-assignment1\consoleapplication1\solver.cpp(148): warning C4018: '<' : signed/unsigned mismatch
     1>d:\documents\github\2iv15-assignment1\consoleapplication1\solver.cpp(156): warning C4018: '<' : signed/unsigned mismatch
     1>d:\documents\github\2iv15-assignment1\consoleapplication1\solver.cpp(163): warning C4018: '<' : signed/unsigned mismatch
     1>d:\documents\github\2iv15-assignment1\consoleapplication1\solver.cpp(166): warning C4018: '<' : signed/unsigned mismatch
     1>d:\documents\github\2iv15-assignment1\consoleapplication1\solver.cpp(175): warning C4018: '<' : signed/unsigned mismatch
     1>d:\documents\github\2iv15-assignment1\consoleapplication1\solver.cpp(181): warning C4018: '<' : signed/unsigned mismatch
     1>d:\documents\github\2iv15-assignment1\consoleapplication1\solver.cpp(184): warning C4018: '<' : signed/unsigned mismatch
     1>d:\documents\github\2iv15-assignment1\consoleapplication1\solver.cpp(193): warning C4018: '<' : signed/unsigned mismatch
     1>d:\documents\github\2iv15-assignment1\consoleapplication1\solver.cpp(132): warning C4101: 'i' : unreferenced local variable
       Link:
         C:\Program Files (x86)\Microsoft Visual Studio 12.0\VC\bin\link.exe /ERRORREPORT:PROMPT /OUT:"D:\Documents\GitHub\2iv15-assignment1\Debug\ConsoleApplication1.exe" /INCREMENTAL /NOLOGO /LIBPATH:lib/ glut32.lib libpng16.lib zlib.lib kernel32.lib user32.lib gdi32.lib winspool.lib comdlg32.lib advapi32.lib shell32.lib ole32.lib oleaut32.lib uuid.lib odbc32.lib odbccp32.lib /MANIFEST /MANIFESTUAC:"level='asInvoker' uiAccess='false'" /manifest:embed /DEBUG /PDB:"D:\Documents\GitHub\2iv15-assignment1\Debug\ConsoleApplication1.pdb" /SUBSYSTEM:CONSOLE /TLBID:1 /DYNAMICBASE /NXCOMPAT /IMPLIB:"D:\Documents\GitHub\2iv15-assignment1\Debug\ConsoleApplication1.lib" /MACHINE:X86 Debug\CircularWireConstraint.obj
         Debug\Gravity.obj
         Debug\imageio.obj
         Debug\linearSolver.obj
         Debug\LineWireConstraint.obj
         Debug\MouseForce.obj
         Debug\Particle.obj
         Debug\RodConstraint.obj
         Debug\Solver.obj
         Debug\SpringForce.obj
         Debug\TinkerToy.obj
         ConsoleApplication1.vcxproj -> D:\Documents\GitHub\2iv15-assignment1\Debug\ConsoleApplication1.exe
     1>Done Building Project "D:\Documents\GitHub\2iv15-assignment1\ConsoleApplication1\ConsoleApplication1.vcxproj" (Build target(s)).

Build succeeded.

Time Elapsed 00:00:01.01
